  API.cpp
e:\sgy\sgy\大二下\数据库\minisql\10.0\project1\h\global.h : warning C4819: 该文件包含不能在当前代码页(936)中表示的字符。请将该文件保存为 Unicode 格式以防止数据丢失
e:\sgy\sgy\大二下\数据库\minisql\10.0\project1\h\global.h(212): warning C4267: “=”: 从“size_t”转换到“int”，可能丢失数据
e:\sgy\sgy\大二下\数据库\minisql\10.0\project1\h\indexmanage.h : warning C4819: 该文件包含不能在当前代码页(936)中表示的字符。请将该文件保存为 Unicode 格式以防止数据丢失
e:\sgy\sgy\大二下\数据库\minisql\10.0\project1\api.cpp(201): warning C4267: “参数”: 从“size_t”转换到“int”，可能丢失数据
e:\sgy\sgy\大二下\数据库\minisql\10.0\project1\api.cpp(297): warning C4267: “参数”: 从“size_t”转换到“int”，可能丢失数据
e:\sgy\sgy\大二下\数据库\minisql\10.0\project1\api.cpp(324): warning C4267: “参数”: 从“size_t”转换到“int”，可能丢失数据
e:\sgy\sgy\大二下\数据库\minisql\10.0\project1\api.cpp(421): warning C4267: “参数”: 从“size_t”转换到“int”，可能丢失数据
  Interpreter.cpp
e:\sgy\sgy\大二下\数据库\minisql\10.0\project1\h\global.h : warning C4819: 该文件包含不能在当前代码页(936)中表示的字符。请将该文件保存为 Unicode 格式以防止数据丢失
e:\sgy\sgy\大二下\数据库\minisql\10.0\project1\h\global.h(212): warning C4267: “=”: 从“size_t”转换到“int”，可能丢失数据
e:\sgy\sgy\大二下\数据库\minisql\10.0\project1\h\indexmanage.h : warning C4819: 该文件包含不能在当前代码页(936)中表示的字符。请将该文件保存为 Unicode 格式以防止数据丢失
e:\sgy\sgy\大二下\数据库\minisql\10.0\project1\interpreter.cpp(106): warning C4267: “初始化”: 从“size_t”转换到“int”，可能丢失数据
e:\sgy\sgy\大二下\数据库\minisql\10.0\project1\interpreter.cpp(119): warning C4267: “初始化”: 从“size_t”转换到“int”，可能丢失数据
e:\sgy\sgy\大二下\数据库\minisql\10.0\project1\interpreter.cpp(121): warning C4244: “初始化”: 从“double”转换到“float”，可能丢失数据
e:\sgy\sgy\大二下\数据库\minisql\10.0\project1\interpreter.cpp(122): warning C4244: “+=”: 从“double”转换到“float”，可能丢失数据
e:\sgy\sgy\大二下\数据库\minisql\10.0\project1\interpreter.cpp(486): warning C4267: “=”: 从“size_t”转换到“int”，可能丢失数据
  正在生成代码
  2 of 1451 functions ( 0.1%) were compiled, the rest were copied from previous compilation.
    0 functions were new in current compilation
    9 functions had inline decision re-evaluated but remain unchanged
  已完成代码的生成
  Project1.vcxproj -> E:\sgy\sgy\大二下\数据库\minisql\10.0\x64\Release\minisql.exe
